2025-09-30 21:44:02,592 - database - INFO - Created default admin user (username: admin, password: admin123)
2025-09-30 21:44:02,592 - database - INFO - Created default invoice template
2025-09-30 21:44:02,710 - __main__ - INFO - Starting POS System...
2025-09-30 21:44:07,605 - auth - INFO - User admin logged in successfully
2025-09-30 21:44:07,605 - login_window - INFO - User admin logged in successfully
2025-09-30 21:44:07,609 - __main__ - INFO - User admin (admin) logged in
2025-09-30 21:44:17,130 - __main__ - INFO - Application closing...
2025-09-30 21:53:42,605 - __main__ - INFO - Starting POS System...
2025-09-30 21:53:48,030 - auth - INFO - User admin logged in successfully
2025-09-30 21:53:48,030 - login_window - INFO - User admin logged in successfully
2025-09-30 21:53:48,036 - __main__ - INFO - User admin (admin) logged in
2025-09-30 21:53:54,681 - __main__ - INFO - Application closing...
2025-09-30 22:00:25,505 - __main__ - INFO - Starting POS System...
2025-09-30 22:00:34,311 - auth - INFO - User admin logged in successfully
2025-09-30 22:00:34,311 - login_window - INFO - User admin logged in successfully
2025-09-30 22:00:34,318 - __main__ - INFO - User admin (admin) logged in
2025-09-30 22:00:40,099 - __main__ - INFO - Application closing...
2025-09-30 22:08:11,056 - __main__ - INFO - Starting POS System...
2025-09-30 22:08:17,574 - auth - INFO - User admin logged in successfully
2025-09-30 22:08:17,574 - login_window - INFO - User admin logged in successfully
2025-09-30 22:08:17,580 - __main__ - INFO - User admin (admin) logged in
2025-09-30 22:10:06,585 - __main__ - INFO - Application closing...
2025-09-30 22:11:36,188 - __main__ - INFO - Starting POS System...
2025-09-30 22:11:42,089 - auth - INFO - User admin logged in successfully
2025-09-30 22:11:42,089 - login_window - INFO - User admin logged in successfully
2025-09-30 22:11:42,095 - __main__ - INFO - User admin (admin) logged in
2025-09-30 22:11:49,333 - __main__ - INFO - Application closing...
2025-09-30 22:12:02,137 - database - INFO - Created default admin user (username: admin, password: admin123)
2025-09-30 22:12:02,138 - database - INFO - Created default invoice template
2025-09-30 22:12:02,227 - __main__ - INFO - Starting POS System...
2025-09-30 22:12:06,175 - auth - WARNING - Failed login attempt for username: admin
2025-09-30 22:12:09,052 - auth - WARNING - Failed login attempt for username: admin
2025-09-30 22:12:11,751 - auth - WARNING - Failed login attempt for username: admin
2025-09-30 22:13:06,585 - __main__ - INFO - Starting POS System...
2025-09-30 22:13:17,808 - auth - INFO - User admin logged in successfully
2025-09-30 22:13:17,808 - login_window - INFO - User admin logged in successfully
2025-09-30 22:13:17,813 - __main__ - INFO - User admin (admin) logged in
2025-09-30 22:13:38,002 - models - INFO - Order 1 finalized successfully
2025-09-30 22:13:39,624 - invoice_generator - INFO - Invoice generated for order 1: /home/eshare/wordpress-6.8.1/simple pos/Simple-POS/invoices/invoice_1_20250930_221339.pdf
2025-09-30 22:14:18,876 - __main__ - INFO - Application closing...
